[2026-04-18 03:00:19Z INFO HostContext] No proxy settings were found based on environmental variables (http_proxy/https_proxy/HTTP_PROXY/HTTPS_PROXY)
[2026-04-18 03:00:19Z INFO HostContext] Well known directory 'Bin': 'C:\Users\Abdulrohman\Documents\Devopsproject\Example-Reusable-Workflow\actions-runner\bin'
[2026-04-18 03:00:19Z INFO HostContext] Well known directory 'Root': 'C:\Users\Abdulrohman\Documents\Devopsproject\Example-Reusable-Workflow\actions-runner'
[2026-04-18 03:00:19Z INFO HostContext] Well known config file 'Credentials': 'C:\Users\Abdulrohman\Documents\Devopsproject\Example-Reusable-Workflow\actions-runner\.credentials'
[2026-04-18 03:00:19Z INFO HostContext] Well known directory 'Bin': 'C:\Users\Abdulrohman\Documents\Devopsproject\Example-Reusable-Workflow\actions-runner\bin'
[2026-04-18 03:00:19Z INFO HostContext] Well known directory 'Root': 'C:\Users\Abdulrohman\Documents\Devopsproject\Example-Reusable-Workflow\actions-runner'
[2026-04-18 03:00:19Z INFO HostContext] Well known config file 'Runner': 'C:\Users\Abdulrohman\Documents\Devopsproject\Example-Reusable-Workflow\actions-runner\.runner'
[2026-04-18 03:00:19Z INFO Listener] Runner is built for Windows (X64) - win-x64.
[2026-04-18 03:00:19Z INFO Listener] RuntimeInformation: Microsoft Windows 10.0.26200.
[2026-04-18 03:00:19Z INFO Listener] Version: 2.333.1
[2026-04-18 03:00:19Z INFO Listener] Commit: 6792966801e8925346735b68c03bf9f347af4646
[2026-04-18 03:00:19Z INFO Listener] Culture: en-US
[2026-04-18 03:00:19Z INFO Listener] UI Culture: en-US
[2026-04-18 03:00:19Z INFO HostContext] Well known directory 'Bin': 'C:\Users\Abdulrohman\Documents\Devopsproject\Example-Reusable-Workflow\actions-runner\bin'
[2026-04-18 03:00:19Z INFO HostContext] Well known directory 'Root': 'C:\Users\Abdulrohman\Documents\Devopsproject\Example-Reusable-Workflow\actions-runner'
[2026-04-18 03:00:19Z INFO Listener] Validating directory permissions for: 'C:\Users\Abdulrohman\Documents\Devopsproject\Example-Reusable-Workflow\actions-runner'
[2026-04-18 03:00:19Z INFO CommandLineParser] Parse
[2026-04-18 03:00:19Z INFO CommandLineParser] Parsing 1 args
[2026-04-18 03:00:19Z INFO CommandLineParser] parsing argument
[2026-04-18 03:00:19Z INFO CommandLineParser] HasArgs: False
[2026-04-18 03:00:19Z INFO CommandLineParser] Adding Command: run
[2026-04-18 03:00:19Z INFO Listener] Arguments parsed
[2026-04-18 03:00:19Z INFO Runner] ExecuteCommand
[2026-04-18 03:00:19Z INFO ConfigurationStore] currentAssemblyLocation: C:\Users\Abdulrohman\Documents\Devopsproject\Example-Reusable-Workflow\actions-runner\bin\Runner.Listener.dll
[2026-04-18 03:00:19Z INFO HostContext] Well known directory 'Bin': 'C:\Users\Abdulrohman\Documents\Devopsproject\Example-Reusable-Workflow\actions-runner\bin'
[2026-04-18 03:00:19Z INFO ConfigurationStore] binPath: C:\Users\Abdulrohman\Documents\Devopsproject\Example-Reusable-Workflow\actions-runner\bin
[2026-04-18 03:00:19Z INFO HostContext] Well known directory 'Bin': 'C:\Users\Abdulrohman\Documents\Devopsproject\Example-Reusable-Workflow\actions-runner\bin'
[2026-04-18 03:00:19Z INFO HostContext] Well known directory 'Root': 'C:\Users\Abdulrohman\Documents\Devopsproject\Example-Reusable-Workflow\actions-runner'
[2026-04-18 03:00:19Z INFO ConfigurationStore] RootFolder: C:\Users\Abdulrohman\Documents\Devopsproject\Example-Reusable-Workflow\actions-runner
[2026-04-18 03:00:19Z INFO HostContext] Well known directory 'Bin': 'C:\Users\Abdulrohman\Documents\Devopsproject\Example-Reusable-Workflow\actions-runner\bin'
[2026-04-18 03:00:19Z INFO HostContext] Well known directory 'Root': 'C:\Users\Abdulrohman\Documents\Devopsproject\Example-Reusable-Workflow\actions-runner'
[2026-04-18 03:00:19Z INFO HostContext] Well known config file 'Runner': 'C:\Users\Abdulrohman\Documents\Devopsproject\Example-Reusable-Workflow\actions-runner\.runner'
[2026-04-18 03:00:19Z INFO ConfigurationStore] ConfigFilePath: C:\Users\Abdulrohman\Documents\Devopsproject\Example-Reusable-Workflow\actions-runner\.runner
[2026-04-18 03:00:19Z INFO HostContext] Well known directory 'Bin': 'C:\Users\Abdulrohman\Documents\Devopsproject\Example-Reusable-Workflow\actions-runner\bin'
[2026-04-18 03:00:19Z INFO HostContext] Well known directory 'Root': 'C:\Users\Abdulrohman\Documents\Devopsproject\Example-Reusable-Workflow\actions-runner'
[2026-04-18 03:00:19Z INFO HostContext] Well known config file 'MigratedRunner': 'C:\Users\Abdulrohman\Documents\Devopsproject\Example-Reusable-Workflow\actions-runner\.runner_migrated'
[2026-04-18 03:00:19Z INFO ConfigurationStore] MigratedConfigFilePath: C:\Users\Abdulrohman\Documents\Devopsproject\Example-Reusable-Workflow\actions-runner\.runner_migrated
[2026-04-18 03:00:19Z INFO HostContext] Well known directory 'Bin': 'C:\Users\Abdulrohman\Documents\Devopsproject\Example-Reusable-Workflow\actions-runner\bin'
[2026-04-18 03:00:19Z INFO HostContext] Well known directory 'Root': 'C:\Users\Abdulrohman\Documents\Devopsproject\Example-Reusable-Workflow\actions-runner'
[2026-04-18 03:00:19Z INFO HostContext] Well known config file 'Credentials': 'C:\Users\Abdulrohman\Documents\Devopsproject\Example-Reusable-Workflow\actions-runner\.credentials'
[2026-04-18 03:00:19Z INFO ConfigurationStore] CredFilePath: C:\Users\Abdulrohman\Documents\Devopsproject\Example-Reusable-Workflow\actions-runner\.credentials
[2026-04-18 03:00:19Z INFO HostContext] Well known directory 'Bin': 'C:\Users\Abdulrohman\Documents\Devopsproject\Example-Reusable-Workflow\actions-runner\bin'
[2026-04-18 03:00:19Z INFO HostContext] Well known directory 'Root': 'C:\Users\Abdulrohman\Documents\Devopsproject\Example-Reusable-Workflow\actions-runner'
[2026-04-18 03:00:19Z INFO HostContext] Well known config file 'MigratedCredentials': 'C:\Users\Abdulrohman\Documents\Devopsproject\Example-Reusable-Workflow\actions-runner\.credentials_migrated'
[2026-04-18 03:00:19Z INFO ConfigurationStore] MigratedCredFilePath: C:\Users\Abdulrohman\Documents\Devopsproject\Example-Reusable-Workflow\actions-runner\.credentials_migrated
[2026-04-18 03:00:19Z INFO HostContext] Well known directory 'Bin': 'C:\Users\Abdulrohman\Documents\Devopsproject\Example-Reusable-Workflow\actions-runner\bin'
[2026-04-18 03:00:19Z INFO HostContext] Well known directory 'Root': 'C:\Users\Abdulrohman\Documents\Devopsproject\Example-Reusable-Workflow\actions-runner'
[2026-04-18 03:00:19Z INFO HostContext] Well known config file 'Service': 'C:\Users\Abdulrohman\Documents\Devopsproject\Example-Reusable-Workflow\actions-runner\.service'
[2026-04-18 03:00:19Z INFO ConfigurationStore] ServiceConfigFilePath: C:\Users\Abdulrohman\Documents\Devopsproject\Example-Reusable-Workflow\actions-runner\.service
[2026-04-18 03:00:19Z INFO CommandSettings] Flag 'help': 'False'
[2026-04-18 03:00:19Z INFO CommandSettings] Flag 'version': 'False'
[2026-04-18 03:00:19Z INFO CommandSettings] Flag 'commit': 'False'
[2026-04-18 03:00:19Z INFO CommandSettings] Flag 'check': 'False'
[2026-04-18 03:00:19Z INFO CommandSettings] Command 'configure': 'False'
[2026-04-18 03:00:19Z INFO CommandSettings] Command 'remove': 'False'
[2026-04-18 03:00:19Z INFO CommandSettings] Command 'warmup': 'False'
[2026-04-18 03:00:19Z INFO ConfigurationManager] LoadSettings
[2026-04-18 03:00:19Z INFO ConfigurationStore] IsConfigured()
[2026-04-18 03:00:19Z INFO ConfigurationStore] IsConfigured: True
[2026-04-18 03:00:19Z INFO ConfigurationManager] Is configured: True
[2026-04-18 03:00:19Z INFO ConfigurationStore] Read setting file: 421 chars
[2026-04-18 03:00:19Z INFO ConfigurationManager] Settings Loaded
[2026-04-18 03:00:19Z INFO ConfigurationStore] IsServiceConfigured()
[2026-04-18 03:00:19Z INFO ConfigurationStore] IsServiceConfigured: False
[2026-04-18 03:00:19Z INFO CommandSettings] Command 'run': 'True'
[2026-04-18 03:00:19Z INFO ConfigurationStore] IsConfigured()
[2026-04-18 03:00:19Z INFO ConfigurationStore] IsConfigured: True
[2026-04-18 03:00:19Z INFO ConfigurationManager] Is configured: True
[2026-04-18 03:00:19Z INFO Runner] Could not parse the argument value '' for StartupType. Defaulting to Manual
[2026-04-18 03:00:19Z INFO Runner] Set runner startup type - Manual
[2026-04-18 03:00:19Z INFO CommandSettings] Flag 'once': 'False'
[2026-04-18 03:00:19Z INFO CommandSettings] Flag 'once': 'False'
[2026-04-18 03:00:19Z INFO Runner] RunAsync
[2026-04-18 03:00:19Z INFO HostContext] Well known directory 'Bin': 'C:\Users\Abdulrohman\Documents\Devopsproject\Example-Reusable-Workflow\actions-runner\bin'
[2026-04-18 03:00:19Z INFO HostContext] Well known directory 'Root': 'C:\Users\Abdulrohman\Documents\Devopsproject\Example-Reusable-Workflow\actions-runner'
[2026-04-18 03:00:19Z INFO HostContext] Well known directory 'Work': 'C:\Users\Abdulrohman\Documents\Devopsproject\Example-Reusable-Workflow\actions-runner\_work'
[2026-04-18 03:00:19Z INFO Runner] Validating directory permissions for: 'C:\Users\Abdulrohman\Documents\Devopsproject\Example-Reusable-Workflow\actions-runner\_work'
[2026-04-18 03:00:19Z INFO ConfigurationManager] LoadMigratedSettings
[2026-04-18 03:00:19Z INFO ConfigurationStore] IsMigratedConfigured()
[2026-04-18 03:00:19Z INFO ConfigurationStore] IsMigratedConfigured: False
[2026-04-18 03:00:19Z INFO Runner] Failed to load migrated settings: No migrated configuration found.
[2026-04-18 03:00:19Z INFO Runner] Falling back to original .runner settings
[2026-04-18 03:00:19Z INFO Runner] Using BrokerMessageListener
[2026-04-18 03:00:19Z INFO BrokerMessageListener] Using provided settings
[2026-04-18 03:00:19Z INFO BrokerMessageListener] {
  "AgentId": 23,
  "AgentName": "DESKTOP-33VR1E9",
  "PoolId": 1,
  "PoolName": "Default",
  "ServerUrl": "https://pipelinesghubeus21.actions.githubusercontent.com/U1Lp5lsXIsEeam4eI7PH5ooq3xnv9XsjtyEOYbr199J1I2f888/",
  "GitHubUrl": "https://github.com/abdulrohman6999/Example-Reusable-Workflow",
  "WorkFolder": "_work",
  "UseV2Flow": true,
  "ServerUrlV2": "https://broker.actions.githubusercontent.com/"
}
[2026-04-18 03:00:19Z INFO BrokerMessageListener] Loading Credentials
[2026-04-18 03:00:19Z INFO ConfigurationStore] HasCredentials()
[2026-04-18 03:00:19Z INFO ConfigurationStore] stored True
[2026-04-18 03:00:19Z INFO CredentialManager] GetCredentialProvider
[2026-04-18 03:00:19Z INFO CredentialManager] Creating type OAuth
[2026-04-18 03:00:19Z INFO CredentialManager] Creating credential type: OAuth
[2026-04-18 03:00:19Z INFO HostContext] Well known directory 'Bin': 'C:\Users\Abdulrohman\Documents\Devopsproject\Example-Reusable-Workflow\actions-runner\bin'
[2026-04-18 03:00:19Z INFO HostContext] Well known directory 'Root': 'C:\Users\Abdulrohman\Documents\Devopsproject\Example-Reusable-Workflow\actions-runner'
[2026-04-18 03:00:19Z INFO HostContext] Well known config file 'RSACredentials': 'C:\Users\Abdulrohman\Documents\Devopsproject\Example-Reusable-Workflow\actions-runner\.credentials_rsaparams'
[2026-04-18 03:00:19Z INFO RSAEncryptedFileKeyManager] Loading RSA key parameters from file C:\Users\Abdulrohman\Documents\Devopsproject\Example-Reusable-Workflow\actions-runner\.credentials_rsaparams
[2026-04-18 03:00:19Z INFO BrokerMessageListener] Attempt to create session.
[2026-04-18 03:00:19Z INFO BrokerMessageListener] Connecting to the Broker Server...
[2026-04-18 03:00:19Z INFO ConfigurationStore] HasCredentials()
[2026-04-18 03:00:19Z INFO ConfigurationStore] stored True
[2026-04-18 03:00:19Z INFO CredentialManager] GetCredentialProvider
[2026-04-18 03:00:19Z INFO CredentialManager] Creating type OAuth
[2026-04-18 03:00:19Z INFO CredentialManager] Creating credential type: OAuth
[2026-04-18 03:00:19Z INFO RSAEncryptedFileKeyManager] Loading RSA key parameters from file C:\Users\Abdulrohman\Documents\Devopsproject\Example-Reusable-Workflow\actions-runner\.credentials_rsaparams
[2026-04-18 03:00:19Z INFO BrokerMessageListener] VssConnection created
[2026-04-18 03:00:19Z INFO BrokerMessageListener] Connecting to the Runner server...
[2026-04-18 03:00:19Z INFO RunnerServer] EstablishVssConnection
[2026-04-18 03:00:19Z INFO RunnerServer] Establish connection with 100 seconds timeout.
[2026-04-18 03:00:19Z INFO GitHubActionsService] Starting operation Location.GetConnectionData
[2026-04-18 03:00:19Z INFO RunnerServer] EstablishVssConnection
[2026-04-18 03:00:19Z INFO RunnerServer] Establish connection with 60 seconds timeout.
[2026-04-18 03:00:19Z INFO GitHubActionsService] Starting operation Location.GetConnectionData
[2026-04-18 03:00:19Z INFO RunnerServer] EstablishVssConnection
[2026-04-18 03:00:19Z INFO RunnerServer] Establish connection with 60 seconds timeout.
[2026-04-18 03:00:19Z INFO GitHubActionsService] Starting operation Location.GetConnectionData
[2026-04-18 03:00:22Z INFO GitHubActionsService] Finished operation Location.GetConnectionData
[2026-04-18 03:00:23Z INFO GitHubActionsService] Finished operation Location.GetConnectionData
[2026-04-18 03:00:25Z INFO GitHubActionsService] Finished operation Location.GetConnectionData
[2026-04-18 03:00:25Z INFO BrokerMessageListener] VssConnection created
[2026-04-18 03:00:25Z INFO Terminal] WRITE LINE: 
[2026-04-18 03:00:25Z INFO Terminal] WRITE LINE: 
[2026-04-18 03:00:25Z INFO RSAEncryptedFileKeyManager] Loading RSA key parameters from file C:\Users\Abdulrohman\Documents\Devopsproject\Example-Reusable-Workflow\actions-runner\.credentials_rsaparams
[2026-04-18 03:00:25Z INFO RSAEncryptedFileKeyManager] Loading RSA key parameters from file C:\Users\Abdulrohman\Documents\Devopsproject\Example-Reusable-Workflow\actions-runner\.credentials_rsaparams
[2026-04-18 03:00:26Z INFO GitHubActionsService] AAD Correlation ID for this token request: Unknown
[2026-04-18 03:00:26Z INFO BrokerMessageListener] Session created.
[2026-04-18 03:00:26Z INFO Terminal] WRITE LINE: Current runner version: '2.333.1'
[2026-04-18 03:00:26Z INFO Terminal] WRITE LINE: 2026-04-18 03:00:26Z: Listening for Jobs
[2026-04-18 03:00:26Z INFO JobDispatcher] Set runner/worker IPC timeout to 30 seconds.
[2026-04-18 03:00:36Z INFO BrokerMessageListener] Acknowledging runner request '0a4c3947-4ee7-5a6e-a1ef-2580ea6ea36a'.
[2026-04-18 03:00:36Z INFO ConfigurationStore] HasCredentials()
[2026-04-18 03:00:36Z INFO ConfigurationStore] stored True
[2026-04-18 03:00:36Z INFO CredentialManager] GetCredentialProvider
[2026-04-18 03:00:36Z INFO CredentialManager] Creating type OAuth
[2026-04-18 03:00:36Z INFO CredentialManager] Creating credential type: OAuth
[2026-04-18 03:00:36Z INFO RSAEncryptedFileKeyManager] Loading RSA key parameters from file C:\Users\Abdulrohman\Documents\Devopsproject\Example-Reusable-Workflow\actions-runner\.credentials_rsaparams
[2026-04-18 03:00:36Z INFO RSAEncryptedFileKeyManager] Loading RSA key parameters from file C:\Users\Abdulrohman\Documents\Devopsproject\Example-Reusable-Workflow\actions-runner\.credentials_rsaparams
[2026-04-18 03:00:36Z INFO RSAEncryptedFileKeyManager] Loading RSA key parameters from file C:\Users\Abdulrohman\Documents\Devopsproject\Example-Reusable-Workflow\actions-runner\.credentials_rsaparams
[2026-04-18 03:00:37Z INFO GitHubActionsService] AAD Correlation ID for this token request: Unknown
[2026-04-18 03:00:39Z INFO JobDispatcher] Job request 0 for plan 9a0288a4-e9de-48e3-83d8-2bc601d4bb0d job 0a4c3947-4ee7-5a6e-a1ef-2580ea6ea36a received.
[2026-04-18 03:00:39Z INFO JobDispatcher] Pull OrchestrationId 9a0288a4-e9de-48e3-83d8-2bc601d4bb0d.test.__default from JWT claims
[2026-04-18 03:00:39Z INFO BrokerMessageListener] Received job status event. JobState: Busy
[2026-04-18 03:00:39Z INFO BrokerMessageListener] _getMessagesTokenSource is already disposed.
[2026-04-18 03:00:39Z INFO Terminal] WRITE LINE: 2026-04-18 03:00:39Z: Running job: test
[2026-04-18 03:00:39Z INFO JobDispatcher] Start renew job request 0 for job 0a4c3947-4ee7-5a6e-a1ef-2580ea6ea36a.
[2026-04-18 03:00:40Z INFO JobDispatcher] Successfully renew job 0a4c3947-4ee7-5a6e-a1ef-2580ea6ea36a, job is valid till 4/18/2026 3:10:40 AM
[2026-04-18 03:00:40Z INFO HostContext] Well known directory 'Bin': 'C:\Users\Abdulrohman\Documents\Devopsproject\Example-Reusable-Workflow\actions-runner\bin'
[2026-04-18 03:00:40Z INFO ProcessInvokerWrapper] Starting process:
[2026-04-18 03:00:40Z INFO ProcessInvokerWrapper]   File name: 'C:\Users\Abdulrohman\Documents\Devopsproject\Example-Reusable-Workflow\actions-runner\bin\Runner.Worker.exe'
[2026-04-18 03:00:40Z INFO ProcessInvokerWrapper]   Arguments: 'spawnclient 2312 2324'
[2026-04-18 03:00:40Z INFO ProcessInvokerWrapper]   Working directory: 'C:\Users\Abdulrohman\Documents\Devopsproject\Example-Reusable-Workflow\actions-runner\bin'
[2026-04-18 03:00:40Z INFO ProcessInvokerWrapper]   Require exit code zero: 'False'
[2026-04-18 03:00:40Z INFO ProcessInvokerWrapper]   Encoding web name:  ; code page: ''
[2026-04-18 03:00:40Z INFO ProcessInvokerWrapper]   Force kill process on cancellation: 'True'
[2026-04-18 03:00:40Z INFO ProcessInvokerWrapper]   Redirected STDIN: 'False'
[2026-04-18 03:00:40Z INFO ProcessInvokerWrapper]   Persist current code page: 'False'
[2026-04-18 03:00:40Z INFO ProcessInvokerWrapper]   Keep redirected STDIN open: 'False'
[2026-04-18 03:00:40Z INFO ProcessInvokerWrapper]   High priority process: 'True'
[2026-04-18 03:00:40Z INFO ProcessInvokerWrapper] Process started with process id 3452, waiting for process exit.
[2026-04-18 03:00:40Z INFO JobDispatcher] Send job request message to worker for job 0a4c3947-4ee7-5a6e-a1ef-2580ea6ea36a.
[2026-04-18 03:00:40Z INFO ProcessChannel] Sending message of length 19794, with hash 'ee7686a30c60e716f7a2394d7d608c8d73cb767cd9d9bbdfee28bf39a522617c'
[2026-04-18 03:00:40Z INFO JobNotification] Entering JobStarted Notification
[2026-04-18 03:00:40Z INFO JobNotification] Entering StartMonitor
[2026-04-18 03:00:46Z INFO ProcessInvokerWrapper] STDOUT/STDERR stream read finished.
[2026-04-18 03:00:46Z INFO ProcessInvokerWrapper] STDOUT/STDERR stream read finished.
[2026-04-18 03:00:46Z INFO ProcessInvokerWrapper] Finished process 3452 with exit code 102, and elapsed time 00:00:06.7182998.
[2026-04-18 03:00:46Z INFO JobDispatcher] Worker finished for job 0a4c3947-4ee7-5a6e-a1ef-2580ea6ea36a. Code: 102
[2026-04-18 03:00:46Z INFO JobDispatcher] finish job request for job 0a4c3947-4ee7-5a6e-a1ef-2580ea6ea36a with result: Failed
[2026-04-18 03:00:46Z INFO Terminal] WRITE LINE: 2026-04-18 03:00:46Z: Job test completed with result: Failed
[2026-04-18 03:00:46Z INFO JobDispatcher] Stop renew job request for job 0a4c3947-4ee7-5a6e-a1ef-2580ea6ea36a.
[2026-04-18 03:00:46Z INFO JobDispatcher] job renew has been cancelled, stop renew job 0a4c3947-4ee7-5a6e-a1ef-2580ea6ea36a.
[2026-04-18 03:00:46Z INFO JobNotification] Entering JobCompleted Notification
[2026-04-18 03:00:46Z INFO JobNotification] Entering EndMonitor
[2026-04-18 03:00:46Z INFO BrokerMessageListener] Received job status event. JobState: Online
[2026-04-18 03:00:46Z WARN GitHubActionsService] GET request to https://broker.actions.githubusercontent.com/message?sessionId=c45ca604-0011-4335-8209-1001e674e1c7&status=Busy&runnerVersion=2.333.1&os=Windows&architecture=X64&disableUpdate=false has been cancelled.
[2026-04-18 03:00:46Z ERR  BrokerServer] Catch exception during request
[2026-04-18 03:00:46Z ERR  BrokerServer] System.Threading.Tasks.TaskCanceledException: The operation was canceled.
 ---> System.Threading.Tasks.TaskCanceledException: The operation was canceled.
 ---> System.IO.IOException: Unable to read data from the transport connection: The I/O operation has been aborted because of either a thread exit or an application request..
 ---> System.Net.Sockets.SocketException (995): The I/O operation has been aborted because of either a thread exit or an application request.
   --- End of inner exception stack trace ---
   at System.Net.Sockets.Socket.AwaitableSocketAsyncEventArgs.ThrowException(SocketError error, CancellationToken cancellationToken)
   at System.Net.Sockets.Socket.AwaitableSocketAsyncEventArgs.System.Threading.Tasks.Sources.IValueTaskSource<System.Int32>.GetResult(Int16 token)
   at System.Net.Security.SslStream.EnsureFullTlsFrameAsync[TIOAdapter](CancellationToken cancellationToken, Int32 estimatedSize)
   at System.Runtime.CompilerServices.PoolingAsyncValueTaskMethodBuilder`1.StateMachineBox`1.System.Threading.Tasks.Sources.IValueTaskSource<TResult>.GetResult(Int16 token)
   at System.Net.Security.SslStream.ReadAsyncInternal[TIOAdapter](Memory`1 buffer, CancellationToken cancellationToken)
   at System.Runtime.CompilerServices.PoolingAsyncValueTaskMethodBuilder`1.StateMachineBox`1.System.Threading.Tasks.Sources.IValueTaskSource<TResult>.GetResult(Int16 token)
   at System.Net.Http.HttpConnection.SendAsync(HttpRequestMessage request, Boolean async, CancellationToken cancellationToken)
   --- End of inner exception stack trace ---
   at System.Net.Http.HttpConnection.SendAsync(HttpRequestMessage request, Boolean async, CancellationToken cancellationToken)
   at System.Net.Http.AuthenticationHelper.SendWithNtAuthAsync(HttpRequestMessage request, Uri authUri, Boolean async, ICredentials credentials, Boolean isProxyAuth, HttpConnection connection, HttpConnectionPool connectionPool, CancellationToken cancellationToken)
   at System.Net.Http.HttpConnectionPool.SendWithVersionDetectionAndRetryAsync(HttpRequestMessage request, Boolean async, Boolean doRequestAuth, CancellationToken cancellationToken)
   at System.Net.Http.AuthenticationHelper.SendWithAuthAsync(HttpRequestMessage request, Uri authUri, Boolean async, ICredentials credentials, Boolean preAuthenticate, Boolean isProxyAuth, Boolean doRequestAuth, HttpConnectionPool pool, CancellationToken cancellationToken)
   at System.Net.Http.RedirectHandler.SendAsync(HttpRequestMessage request, Boolean async, CancellationToken cancellationToken)
   at GitHub.Services.Common.RawHttpMessageHandler.SendAsync(HttpRequestMessage request, CancellationToken cancellationToken)
   at GitHub.Services.Common.VssHttpRetryMessageHandler.SendAsync(HttpRequestMessage request, CancellationToken cancellationToken)
   at System.Net.Http.HttpClient.<SendAsync>g__Core|83_0(HttpRequestMessage request, HttpCompletionOption completionOption, CancellationTokenSource cts, Boolean disposeCts, CancellationTokenSource pendingRequestsCts, CancellationToken originalCancellationToken)
   --- End of inner exception stack trace ---
   at System.Net.Http.HttpClient.HandleFailure(Exception e, Boolean telemetryStarted, HttpResponseMessage response, CancellationTokenSource cts, CancellationToken cancellationToken, CancellationTokenSource pendingRequestsCts)
   at System.Net.Http.HttpClient.<SendAsync>g__Core|83_0(HttpRequestMessage request, HttpCompletionOption completionOption, CancellationTokenSource cts, Boolean disposeCts, CancellationTokenSource pendingRequestsCts, CancellationToken originalCancellationToken)
   at Sdk.WebApi.WebApi.RawHttpClientBase.SendAsync(HttpRequestMessage message, HttpCompletionOption completionOption, Object userState, CancellationToken cancellationToken)
   at Sdk.WebApi.WebApi.RawHttpClientBase.SendAsync[T](HttpRequestMessage message, Boolean readErrorBody, Object userState, CancellationToken cancellationToken)
   at Sdk.WebApi.WebApi.RawHttpClientBase.SendAsync[T](HttpMethod method, IEnumerable`1 additionalHeaders, Uri requestUri, HttpContent content, IEnumerable`1 queryParameters, Boolean readErrorBody, Object userState, CancellationToken cancellationToken)
   at GitHub.Actions.RunService.WebApi.BrokerHttpClient.GetRunnerMessageAsync(Nullable`1 sessionId, String runnerVersion, Nullable`1 status, String os, String architecture, Nullable`1 disableUpdate, CancellationToken cancellationToken)
   at GitHub.Runner.Common.BrokerServer.<>c__DisplayClass7_0.<<GetRunnerMessageAsync>b__0>d.MoveNext()
--- End of stack trace from previous location ---
   at GitHub.Runner.Common.RunnerService.RetryRequest[T](Func`1 func, CancellationToken cancellationToken, Int32 maxAttempts, Func`2 shouldRetry)
[2026-04-18 03:00:46Z ERR  BrokerServer] #####################################################
[2026-04-18 03:00:46Z ERR  BrokerServer] System.Threading.Tasks.TaskCanceledException: The operation was canceled.
 ---> System.IO.IOException: Unable to read data from the transport connection: The I/O operation has been aborted because of either a thread exit or an application request..
 ---> System.Net.Sockets.SocketException (995): The I/O operation has been aborted because of either a thread exit or an application request.
   --- End of inner exception stack trace ---
   at System.Net.Sockets.Socket.AwaitableSocketAsyncEventArgs.ThrowException(SocketError error, CancellationToken cancellationToken)
   at System.Net.Sockets.Socket.AwaitableSocketAsyncEventArgs.System.Threading.Tasks.Sources.IValueTaskSource<System.Int32>.GetResult(Int16 token)
   at System.Net.Security.SslStream.EnsureFullTlsFrameAsync[TIOAdapter](CancellationToken cancellationToken, Int32 estimatedSize)
   at System.Runtime.CompilerServices.PoolingAsyncValueTaskMethodBuilder`1.StateMachineBox`1.System.Threading.Tasks.Sources.IValueTaskSource<TResult>.GetResult(Int16 token)
   at System.Net.Security.SslStream.ReadAsyncInternal[TIOAdapter](Memory`1 buffer, CancellationToken cancellationToken)
   at System.Runtime.CompilerServices.PoolingAsyncValueTaskMethodBuilder`1.StateMachineBox`1.System.Threading.Tasks.Sources.IValueTaskSource<TResult>.GetResult(Int16 token)
   at System.Net.Http.HttpConnection.SendAsync(HttpRequestMessage request, Boolean async, CancellationToken cancellationToken)
   --- End of inner exception stack trace ---
   at System.Net.Http.HttpConnection.SendAsync(HttpRequestMessage request, Boolean async, CancellationToken cancellationToken)
   at System.Net.Http.AuthenticationHelper.SendWithNtAuthAsync(HttpRequestMessage request, Uri authUri, Boolean async, ICredentials credentials, Boolean isProxyAuth, HttpConnection connection, HttpConnectionPool connectionPool, CancellationToken cancellationToken)
   at System.Net.Http.HttpConnectionPool.SendWithVersionDetectionAndRetryAsync(HttpRequestMessage request, Boolean async, Boolean doRequestAuth, CancellationToken cancellationToken)
   at System.Net.Http.AuthenticationHelper.SendWithAuthAsync(HttpRequestMessage request, Uri authUri, Boolean async, ICredentials credentials, Boolean preAuthenticate, Boolean isProxyAuth, Boolean doRequestAuth, HttpConnectionPool pool, CancellationToken cancellationToken)
   at System.Net.Http.RedirectHandler.SendAsync(HttpRequestMessage request, Boolean async, CancellationToken cancellationToken)
   at GitHub.Services.Common.RawHttpMessageHandler.SendAsync(HttpRequestMessage request, CancellationToken cancellationToken)
   at GitHub.Services.Common.VssHttpRetryMessageHandler.SendAsync(HttpRequestMessage request, CancellationToken cancellationToken)
   at System.Net.Http.HttpClient.<SendAsync>g__Core|83_0(HttpRequestMessage request, HttpCompletionOption completionOption, CancellationTokenSource cts, Boolean disposeCts, CancellationTokenSource pendingRequestsCts, CancellationToken originalCancellationToken)
[2026-04-18 03:00:46Z ERR  BrokerServer] #####################################################
[2026-04-18 03:00:46Z ERR  BrokerServer] System.IO.IOException: Unable to read data from the transport connection: The I/O operation has been aborted because of either a thread exit or an application request..
 ---> System.Net.Sockets.SocketException (995): The I/O operation has been aborted because of either a thread exit or an application request.
   --- End of inner exception stack trace ---
   at System.Net.Sockets.Socket.AwaitableSocketAsyncEventArgs.ThrowException(SocketError error, CancellationToken cancellationToken)
   at System.Net.Sockets.Socket.AwaitableSocketAsyncEventArgs.System.Threading.Tasks.Sources.IValueTaskSource<System.Int32>.GetResult(Int16 token)
   at System.Net.Security.SslStream.EnsureFullTlsFrameAsync[TIOAdapter](CancellationToken cancellationToken, Int32 estimatedSize)
   at System.Runtime.CompilerServices.PoolingAsyncValueTaskMethodBuilder`1.StateMachineBox`1.System.Threading.Tasks.Sources.IValueTaskSource<TResult>.GetResult(Int16 token)
   at System.Net.Security.SslStream.ReadAsyncInternal[TIOAdapter](Memory`1 buffer, CancellationToken cancellationToken)
   at System.Runtime.CompilerServices.PoolingAsyncValueTaskMethodBuilder`1.StateMachineBox`1.System.Threading.Tasks.Sources.IValueTaskSource<TResult>.GetResult(Int16 token)
   at System.Net.Http.HttpConnection.SendAsync(HttpRequestMessage request, Boolean async, CancellationToken cancellationToken)
[2026-04-18 03:00:46Z ERR  BrokerServer] #####################################################
[2026-04-18 03:00:46Z ERR  BrokerServer] System.Net.Sockets.SocketException (995): The I/O operation has been aborted because of either a thread exit or an application request.
[2026-04-18 03:00:46Z WARN BrokerServer] Back off 5.701 seconds before next retry. 4 attempt left.
[2026-04-18 03:00:46Z INFO BrokerMessageListener] Get messages has been cancelled using local token source. Continue to get messages with new status.
[2026-04-18 03:05:52Z INFO BrokerMessageListener] Acknowledging runner request 'adb0b4dd-fd30-5cd7-933c-e35caf7d7ab0'.
[2026-04-18 03:05:52Z INFO ConfigurationStore] HasCredentials()
[2026-04-18 03:05:52Z INFO ConfigurationStore] stored True
[2026-04-18 03:05:52Z INFO CredentialManager] GetCredentialProvider
[2026-04-18 03:05:52Z INFO CredentialManager] Creating type OAuth
[2026-04-18 03:05:52Z INFO CredentialManager] Creating credential type: OAuth
[2026-04-18 03:05:52Z INFO RSAEncryptedFileKeyManager] Loading RSA key parameters from file C:\Users\Abdulrohman\Documents\Devopsproject\Example-Reusable-Workflow\actions-runner\.credentials_rsaparams
[2026-04-18 03:05:52Z INFO RSAEncryptedFileKeyManager] Loading RSA key parameters from file C:\Users\Abdulrohman\Documents\Devopsproject\Example-Reusable-Workflow\actions-runner\.credentials_rsaparams
[2026-04-18 03:05:52Z INFO RSAEncryptedFileKeyManager] Loading RSA key parameters from file C:\Users\Abdulrohman\Documents\Devopsproject\Example-Reusable-Workflow\actions-runner\.credentials_rsaparams
[2026-04-18 03:05:53Z INFO GitHubActionsService] AAD Correlation ID for this token request: Unknown
[2026-04-18 03:05:54Z INFO JobDispatcher] Job request 0 for plan 7760e1fc-8864-4927-be0e-5dc86f844dd8 job adb0b4dd-fd30-5cd7-933c-e35caf7d7ab0 received.
[2026-04-18 03:05:54Z INFO JobDispatcher] Pull OrchestrationId 7760e1fc-8864-4927-be0e-5dc86f844dd8.test.__default from JWT claims
[2026-04-18 03:05:54Z INFO BrokerMessageListener] Received job status event. JobState: Busy
[2026-04-18 03:05:54Z INFO BrokerMessageListener] _getMessagesTokenSource is already disposed.
[2026-04-18 03:05:54Z INFO JobDispatcher] Job request 0a4c3947-4ee7-5a6e-a1ef-2580ea6ea36a processed succeed.
[2026-04-18 03:05:54Z INFO Terminal] WRITE LINE: 2026-04-18 03:05:54Z: Running job: test
[2026-04-18 03:05:54Z INFO JobDispatcher] Start renew job request 0 for job adb0b4dd-fd30-5cd7-933c-e35caf7d7ab0.
[2026-04-18 03:05:55Z INFO JobDispatcher] Successfully renew job adb0b4dd-fd30-5cd7-933c-e35caf7d7ab0, job is valid till 4/18/2026 3:15:55 AM
[2026-04-18 03:05:55Z INFO HostContext] Well known directory 'Bin': 'C:\Users\Abdulrohman\Documents\Devopsproject\Example-Reusable-Workflow\actions-runner\bin'
[2026-04-18 03:05:55Z INFO ProcessInvokerWrapper] Starting process:
[2026-04-18 03:05:55Z INFO ProcessInvokerWrapper]   File name: 'C:\Users\Abdulrohman\Documents\Devopsproject\Example-Reusable-Workflow\actions-runner\bin\Runner.Worker.exe'
[2026-04-18 03:05:55Z INFO ProcessInvokerWrapper]   Arguments: 'spawnclient 2236 2036'
[2026-04-18 03:05:55Z INFO ProcessInvokerWrapper]   Working directory: 'C:\Users\Abdulrohman\Documents\Devopsproject\Example-Reusable-Workflow\actions-runner\bin'
[2026-04-18 03:05:55Z INFO ProcessInvokerWrapper]   Require exit code zero: 'False'
[2026-04-18 03:05:55Z INFO ProcessInvokerWrapper]   Encoding web name:  ; code page: ''
[2026-04-18 03:05:55Z INFO ProcessInvokerWrapper]   Force kill process on cancellation: 'True'
[2026-04-18 03:05:55Z INFO ProcessInvokerWrapper]   Redirected STDIN: 'False'
[2026-04-18 03:05:55Z INFO ProcessInvokerWrapper]   Persist current code page: 'False'
[2026-04-18 03:05:55Z INFO ProcessInvokerWrapper]   Keep redirected STDIN open: 'False'
[2026-04-18 03:05:55Z INFO ProcessInvokerWrapper]   High priority process: 'True'
[2026-04-18 03:05:55Z INFO ProcessInvokerWrapper] Process started with process id 31660, waiting for process exit.
[2026-04-18 03:05:55Z INFO JobDispatcher] Send job request message to worker for job adb0b4dd-fd30-5cd7-933c-e35caf7d7ab0.
[2026-04-18 03:05:55Z INFO ProcessChannel] Sending message of length 20043, with hash 'ccf9087ad327b77c6f1f14002579c7c39e9ca35fce44ee3c7ca61cdbfdb3afec'
[2026-04-18 03:05:55Z INFO JobNotification] Entering JobStarted Notification
[2026-04-18 03:05:55Z INFO JobNotification] Entering StartMonitor
[2026-04-18 03:06:02Z INFO ProcessInvokerWrapper] STDOUT/STDERR stream read finished.
[2026-04-18 03:06:02Z INFO ProcessInvokerWrapper] STDOUT/STDERR stream read finished.
[2026-04-18 03:06:02Z INFO ProcessInvokerWrapper] Finished process 31660 with exit code 100, and elapsed time 00:00:06.7075690.
[2026-04-18 03:06:02Z INFO JobDispatcher] Worker finished for job adb0b4dd-fd30-5cd7-933c-e35caf7d7ab0. Code: 100
[2026-04-18 03:06:02Z INFO JobDispatcher] finish job request for job adb0b4dd-fd30-5cd7-933c-e35caf7d7ab0 with result: Succeeded
[2026-04-18 03:06:02Z INFO Terminal] WRITE LINE: 2026-04-18 03:06:02Z: Job test completed with result: Succeeded
[2026-04-18 03:06:02Z INFO JobDispatcher] Stop renew job request for job adb0b4dd-fd30-5cd7-933c-e35caf7d7ab0.
[2026-04-18 03:06:02Z INFO JobDispatcher] job renew has been cancelled, stop renew job adb0b4dd-fd30-5cd7-933c-e35caf7d7ab0.
[2026-04-18 03:06:02Z INFO JobNotification] Entering JobCompleted Notification
[2026-04-18 03:06:02Z INFO JobNotification] Entering EndMonitor
[2026-04-18 03:06:02Z INFO BrokerMessageListener] Received job status event. JobState: Online
[2026-04-18 03:06:02Z WARN GitHubActionsService] GET request to https://broker.actions.githubusercontent.com/message?sessionId=c45ca604-0011-4335-8209-1001e674e1c7&status=Busy&runnerVersion=2.333.1&os=Windows&architecture=X64&disableUpdate=false has been cancelled.
[2026-04-18 03:06:02Z ERR  BrokerServer] Catch exception during request
[2026-04-18 03:06:02Z ERR  BrokerServer] System.Threading.Tasks.TaskCanceledException: The operation was canceled.
 ---> System.Threading.Tasks.TaskCanceledException: The operation was canceled.
 ---> System.IO.IOException: Unable to read data from the transport connection: The I/O operation has been aborted because of either a thread exit or an application request..
 ---> System.Net.Sockets.SocketException (995): The I/O operation has been aborted because of either a thread exit or an application request.
   --- End of inner exception stack trace ---
   at System.Net.Sockets.Socket.AwaitableSocketAsyncEventArgs.ThrowException(SocketError error, CancellationToken cancellationToken)
   at System.Net.Sockets.Socket.AwaitableSocketAsyncEventArgs.System.Threading.Tasks.Sources.IValueTaskSource<System.Int32>.GetResult(Int16 token)
   at System.Net.Security.SslStream.EnsureFullTlsFrameAsync[TIOAdapter](CancellationToken cancellationToken, Int32 estimatedSize)
   at System.Runtime.CompilerServices.PoolingAsyncValueTaskMethodBuilder`1.StateMachineBox`1.System.Threading.Tasks.Sources.IValueTaskSource<TResult>.GetResult(Int16 token)
   at System.Net.Security.SslStream.ReadAsyncInternal[TIOAdapter](Memory`1 buffer, CancellationToken cancellationToken)
   at System.Runtime.CompilerServices.PoolingAsyncValueTaskMethodBuilder`1.StateMachineBox`1.System.Threading.Tasks.Sources.IValueTaskSource<TResult>.GetResult(Int16 token)
   at System.Net.Http.HttpConnection.SendAsync(HttpRequestMessage request, Boolean async, CancellationToken cancellationToken)
   --- End of inner exception stack trace ---
   at System.Net.Http.HttpConnection.SendAsync(HttpRequestMessage request, Boolean async, CancellationToken cancellationToken)
   at System.Net.Http.AuthenticationHelper.SendWithNtAuthAsync(HttpRequestMessage request, Uri authUri, Boolean async, ICredentials credentials, Boolean isProxyAuth, HttpConnection connection, HttpConnectionPool connectionPool, CancellationToken cancellationToken)
   at System.Net.Http.HttpConnectionPool.SendWithVersionDetectionAndRetryAsync(HttpRequestMessage request, Boolean async, Boolean doRequestAuth, CancellationToken cancellationToken)
   at System.Net.Http.AuthenticationHelper.SendWithAuthAsync(HttpRequestMessage request, Uri authUri, Boolean async, ICredentials credentials, Boolean preAuthenticate, Boolean isProxyAuth, Boolean doRequestAuth, HttpConnectionPool pool, CancellationToken cancellationToken)
   at System.Net.Http.RedirectHandler.SendAsync(HttpRequestMessage request, Boolean async, CancellationToken cancellationToken)
   at GitHub.Services.Common.RawHttpMessageHandler.SendAsync(HttpRequestMessage request, CancellationToken cancellationToken)
   at GitHub.Services.Common.VssHttpRetryMessageHandler.SendAsync(HttpRequestMessage request, CancellationToken cancellationToken)
   at System.Net.Http.HttpClient.<SendAsync>g__Core|83_0(HttpRequestMessage request, HttpCompletionOption completionOption, CancellationTokenSource cts, Boolean disposeCts, CancellationTokenSource pendingRequestsCts, CancellationToken originalCancellationToken)
   --- End of inner exception stack trace ---
   at System.Net.Http.HttpClient.HandleFailure(Exception e, Boolean telemetryStarted, HttpResponseMessage response, CancellationTokenSource cts, CancellationToken cancellationToken, CancellationTokenSource pendingRequestsCts)
   at System.Net.Http.HttpClient.<SendAsync>g__Core|83_0(HttpRequestMessage request, HttpCompletionOption completionOption, CancellationTokenSource cts, Boolean disposeCts, CancellationTokenSource pendingRequestsCts, CancellationToken originalCancellationToken)
   at Sdk.WebApi.WebApi.RawHttpClientBase.SendAsync(HttpRequestMessage message, HttpCompletionOption completionOption, Object userState, CancellationToken cancellationToken)
   at Sdk.WebApi.WebApi.RawHttpClientBase.SendAsync[T](HttpRequestMessage message, Boolean readErrorBody, Object userState, CancellationToken cancellationToken)
   at Sdk.WebApi.WebApi.RawHttpClientBase.SendAsync[T](HttpMethod method, IEnumerable`1 additionalHeaders, Uri requestUri, HttpContent content, IEnumerable`1 queryParameters, Boolean readErrorBody, Object userState, CancellationToken cancellationToken)
   at GitHub.Actions.RunService.WebApi.BrokerHttpClient.GetRunnerMessageAsync(Nullable`1 sessionId, String runnerVersion, Nullable`1 status, String os, String architecture, Nullable`1 disableUpdate, CancellationToken cancellationToken)
   at GitHub.Runner.Common.BrokerServer.<>c__DisplayClass7_0.<<GetRunnerMessageAsync>b__0>d.MoveNext()
--- End of stack trace from previous location ---
   at GitHub.Runner.Common.RunnerService.RetryRequest[T](Func`1 func, CancellationToken cancellationToken, Int32 maxAttempts, Func`2 shouldRetry)
[2026-04-18 03:06:02Z ERR  BrokerServer] #####################################################
[2026-04-18 03:06:02Z ERR  BrokerServer] System.Threading.Tasks.TaskCanceledException: The operation was canceled.
 ---> System.IO.IOException: Unable to read data from the transport connection: The I/O operation has been aborted because of either a thread exit or an application request..
 ---> System.Net.Sockets.SocketException (995): The I/O operation has been aborted because of either a thread exit or an application request.
   --- End of inner exception stack trace ---
   at System.Net.Sockets.Socket.AwaitableSocketAsyncEventArgs.ThrowException(SocketError error, CancellationToken cancellationToken)
   at System.Net.Sockets.Socket.AwaitableSocketAsyncEventArgs.System.Threading.Tasks.Sources.IValueTaskSource<System.Int32>.GetResult(Int16 token)
   at System.Net.Security.SslStream.EnsureFullTlsFrameAsync[TIOAdapter](CancellationToken cancellationToken, Int32 estimatedSize)
   at System.Runtime.CompilerServices.PoolingAsyncValueTaskMethodBuilder`1.StateMachineBox`1.System.Threading.Tasks.Sources.IValueTaskSource<TResult>.GetResult(Int16 token)
   at System.Net.Security.SslStream.ReadAsyncInternal[TIOAdapter](Memory`1 buffer, CancellationToken cancellationToken)
   at System.Runtime.CompilerServices.PoolingAsyncValueTaskMethodBuilder`1.StateMachineBox`1.System.Threading.Tasks.Sources.IValueTaskSource<TResult>.GetResult(Int16 token)
   at System.Net.Http.HttpConnection.SendAsync(HttpRequestMessage request, Boolean async, CancellationToken cancellationToken)
   --- End of inner exception stack trace ---
   at System.Net.Http.HttpConnection.SendAsync(HttpRequestMessage request, Boolean async, CancellationToken cancellationToken)
   at System.Net.Http.AuthenticationHelper.SendWithNtAuthAsync(HttpRequestMessage request, Uri authUri, Boolean async, ICredentials credentials, Boolean isProxyAuth, HttpConnection connection, HttpConnectionPool connectionPool, CancellationToken cancellationToken)
   at System.Net.Http.HttpConnectionPool.SendWithVersionDetectionAndRetryAsync(HttpRequestMessage request, Boolean async, Boolean doRequestAuth, CancellationToken cancellationToken)
   at System.Net.Http.AuthenticationHelper.SendWithAuthAsync(HttpRequestMessage request, Uri authUri, Boolean async, ICredentials credentials, Boolean preAuthenticate, Boolean isProxyAuth, Boolean doRequestAuth, HttpConnectionPool pool, CancellationToken cancellationToken)
   at System.Net.Http.RedirectHandler.SendAsync(HttpRequestMessage request, Boolean async, CancellationToken cancellationToken)
   at GitHub.Services.Common.RawHttpMessageHandler.SendAsync(HttpRequestMessage request, CancellationToken cancellationToken)
   at GitHub.Services.Common.VssHttpRetryMessageHandler.SendAsync(HttpRequestMessage request, CancellationToken cancellationToken)
   at System.Net.Http.HttpClient.<SendAsync>g__Core|83_0(HttpRequestMessage request, HttpCompletionOption completionOption, CancellationTokenSource cts, Boolean disposeCts, CancellationTokenSource pendingRequestsCts, CancellationToken originalCancellationToken)
[2026-04-18 03:06:02Z ERR  BrokerServer] #####################################################
[2026-04-18 03:06:02Z ERR  BrokerServer] System.IO.IOException: Unable to read data from the transport connection: The I/O operation has been aborted because of either a thread exit or an application request..
 ---> System.Net.Sockets.SocketException (995): The I/O operation has been aborted because of either a thread exit or an application request.
   --- End of inner exception stack trace ---
   at System.Net.Sockets.Socket.AwaitableSocketAsyncEventArgs.ThrowException(SocketError error, CancellationToken cancellationToken)
   at System.Net.Sockets.Socket.AwaitableSocketAsyncEventArgs.System.Threading.Tasks.Sources.IValueTaskSource<System.Int32>.GetResult(Int16 token)
   at System.Net.Security.SslStream.EnsureFullTlsFrameAsync[TIOAdapter](CancellationToken cancellationToken, Int32 estimatedSize)
   at System.Runtime.CompilerServices.PoolingAsyncValueTaskMethodBuilder`1.StateMachineBox`1.System.Threading.Tasks.Sources.IValueTaskSource<TResult>.GetResult(Int16 token)
   at System.Net.Security.SslStream.ReadAsyncInternal[TIOAdapter](Memory`1 buffer, CancellationToken cancellationToken)
   at System.Runtime.CompilerServices.PoolingAsyncValueTaskMethodBuilder`1.StateMachineBox`1.System.Threading.Tasks.Sources.IValueTaskSource<TResult>.GetResult(Int16 token)
   at System.Net.Http.HttpConnection.SendAsync(HttpRequestMessage request, Boolean async, CancellationToken cancellationToken)
[2026-04-18 03:06:02Z ERR  BrokerServer] #####################################################
[2026-04-18 03:06:02Z ERR  BrokerServer] System.Net.Sockets.SocketException (995): The I/O operation has been aborted because of either a thread exit or an application request.
[2026-04-18 03:06:02Z WARN BrokerServer] Back off 10.139 seconds before next retry. 4 attempt left.
[2026-04-18 03:06:02Z INFO BrokerMessageListener] Get messages has been cancelled using local token source. Continue to get messages with new status.
